生成启动时间为 2016/9/21 16:13:55。
     1>项目“E:\my\MyGame\MetalMax\MetalMax\MetalMax.vcxproj”在节点 2 上(Build 个目标)。
     1>ClCompile:
         E:\VS2013\VC\bin\CL.exe /c /I../../FMOD/inc /I../../DIRECTX/Include /Zi /nologo /W3 /WX- /sdl /O2 /Oi /Oy- /GL /D WIN32 /D NDEBUG /D _WINDOWS /D _MBCS /D _CRT_SECURE_NO_WARNINGS /Gm- /EHsc /MD /GS /Gy /fp:precise /Zc:wchar_t /Zc:forScope /Fo"Release\\" /Fd"Release\vc120.pdb" /Gd /TP /analyze- /errorReport:prompt ..\Src\Engine\Manager\RenderManager.cpp ..\Src\Game\Battle\BattleManager.cpp ..\Src\Game\Battle\BatUIAssistList.cpp ..\Src\Game\Manager\SaveLoadMgr.cpp ..\Src\Game\MapEngine\MapActor.cpp ..\Src\Game\MapEngine\MapManager.cpp ..\Src\Game\MapEngine\MapNode.cpp ..\Src\Game\MapEngine\MapObject.cpp ..\Src\Game\Scenes\MapNavigationScene.cpp ..\Src\Game\Scenes\StartupScene.cpp ..\Src\Game\UI\UIMain.cpp ..\Src\Game\UI\UIManager.cpp ..\Src\Game\UI\UIMisc.cpp ..\Src\Game\UI\UITop.cpp
         RenderManager.cpp
         E:\my\MyGame\DIRECTX\Include\dinput.h: DIRECTINPUT_VERSION undefined. Defaulting to version 0x0800
         BattleManager.cpp
         E:\my\MyGame\DIRECTX\Include\dinput.h: DIRECTINPUT_VERSION undefined. Defaulting to version 0x0800
         BatUIAssistList.cpp
         E:\my\MyGame\DIRECTX\Include\dinput.h: DIRECTINPUT_VERSION undefined. Defaulting to version 0x0800
         SaveLoadMgr.cpp
         E:\my\MyGame\DIRECTX\Include\dinput.h: DIRECTINPUT_VERSION undefined. Defaulting to version 0x0800
         MapActor.cpp
         E:\my\MyGame\DIRECTX\Include\dinput.h: DIRECTINPUT_VERSION undefined. Defaulting to version 0x0800
         MapManager.cpp
         E:\my\MyGame\DIRECTX\Include\dinput.h: DIRECTINPUT_VERSION undefined. Defaulting to version 0x0800
         MapNode.cpp
         MapObject.cpp
         MapNavigationScene.cpp
         E:\my\MyGame\DIRECTX\Include\dinput.h: DIRECTINPUT_VERSION undefined. Defaulting to version 0x0800
         StartupScene.cpp
         E:\my\MyGame\DIRECTX\Include\dinput.h: DIRECTINPUT_VERSION undefined. Defaulting to version 0x0800
         UIMain.cpp
         E:\my\MyGame\DIRECTX\Include\dinput.h: DIRECTINPUT_VERSION undefined. Defaulting to version 0x0800
         UIManager.cpp
         E:\my\MyGame\DIRECTX\Include\dinput.h: DIRECTINPUT_VERSION undefined. Defaulting to version 0x0800
         UIMisc.cpp
         E:\my\MyGame\DIRECTX\Include\dinput.h: DIRECTINPUT_VERSION undefined. Defaulting to version 0x0800
         UITop.cpp
         E:\my\MyGame\DIRECTX\Include\dinput.h: DIRECTINPUT_VERSION undefined. Defaulting to version 0x0800
       Link:
         E:\VS2013\VC\bin\link.exe /ERRORREPORT:PROMPT /OUT:"E:\my\MyGame\MetalMax\Release\MetalMax.exe" /INCREMENTAL:NO /NOLOGO /LIBPATH:../../FMOD/lib /LIBPATH:../../DIRECTX/Lib/x86 fmodL_vc.lib d3dx9.lib d3d9.lib dxguid.lib xapobase.lib XInput.lib DxErr.lib dinput8.lib winmm.lib /MANIFEST /MANIFESTUAC:"level='asInvoker' uiAccess='false'" /manifest:embed /DEBUG /PDB:"E:\my\MyGame\MetalMax\Release\MetalMax.pdb" /SUBSYSTEM:WINDOWS /OPT:REF /OPT:ICF /LTCG /TLBID:1 /DYNAMICBASE /NXCOMPAT /IMPLIB:"E:\my\MyGame\MetalMax\Release\MetalMax.lib" /MACHINE:X86 /SAFESEH Release\Resource.res
         Release\FmodSound.obj
         Release\HudObject.obj
         Release\HudObjGroup.obj
         Release\Sprite.obj
         Release\Text.obj
         Release\RenderManager.obj
         Release\TextureManager.obj
         Release\Fader.obj
         Release\Scene.obj
         Release\BattleActor.obj
         Release\BattleManager.obj
         Release\BattleUIMgr.obj
         Release\BatUIAssistList.obj
         Release\BatUIAtkList.obj
         Release\BatUIHumanMain.obj
         Release\BatUIInfoBox.obj
         Release\BatUITankMain.obj
         Release\BatUITextBox.obj
         Release\BatUIToolList.obj
         Release\BattleTankMgr.obj
         Release\CharacterMgr.obj
         Release\DialogSystemMgr.obj
         Release\EquipMgr.obj
         Release\GameStatusMgr.obj
         Release\ItemMgr.obj
         Release\SaveLoadMgr.obj
         Release\MapActor.obj
         Release\MapCamera.obj
         Release\MapDetector.obj
         Release\MapManager.obj
         Release\MapNode.obj
         Release\MapObject.obj
         Release\MapRenderObj.obj
         Release\MapTrigger.obj
         Release\BattleScene.obj
         Release\EndingScene.obj
         Release\InnScene.obj
         Release\MapNavigationScene.obj
         Release\NameSettingScene.obj
         Release\StartupScene.obj
         Release\WanterScene.obj
         Release\UIBase.obj
         Release\UIMain.obj
         Release\UIManager.obj
         Release\UIMisc.obj
         Release\UITop.obj
         Release\Global.obj
         Release\MainApp.obj
         正在生成代码
     1>e:\my\mygame\metalmax\src\game\mapengine\mapmanager.cpp(472): warning C4715: “MapManager::GetMapObjInfo”: 不是所有的控件路径都返回值
         已完成代码的生成
         MetalMax.vcxproj -> E:\my\MyGame\MetalMax\Release\MetalMax.exe
     1>已完成生成项目“E:\my\MyGame\MetalMax\MetalMax\MetalMax.vcxproj”(Build 个目标)的操作。

生成成功。

已用时间 00:00:13.73
